Generated at 2015-07-09 15:56:26 -0400
SyntaxError: /root/chef_code/cookbooks/samsung/recipes/acl.rb:35: syntax error, unexpected end-of-input, expecting keyword_end
/usr/local/share/ruby/gems/2.0/gems/chef-12.4.1/lib/chef/mixin/from_file.rb:30:in `instance_eval'
/usr/local/share/ruby/gems/2.0/gems/chef-12.4.1/lib/chef/mixin/from_file.rb:30:in `from_file'
/usr/local/share/ruby/gems/2.0/gems/chef-12.4.1/lib/chef/cookbook_version.rb:228:in `load_recipe'
/usr/local/share/ruby/gems/2.0/gems/chef-12.4.1/lib/chef/run_context.rb:174:in `load_recipe'
/usr/local/share/ruby/gems/2.0/gems/chef-12.4.1/lib/chef/run_context.rb:143:in `block in include_recipe'
/usr/local/share/ruby/gems/2.0/gems/chef-12.4.1/lib/chef/run_context.rb:142:in `each'
/usr/local/share/ruby/gems/2.0/gems/chef-12.4.1/lib/chef/run_context.rb:142:in `include_recipe'
/usr/local/share/ruby/gems/2.0/gems/chef-12.4.1/lib/chef/dsl/include_recipe.rb:26:in `include_recipe'
/root/chef_code/cookbooks/samsung/recipes/default.rb:12:in `from_file'
/usr/local/share/ruby/gems/2.0/gems/chef-12.4.1/lib/chef/mixin/from_file.rb:30:in `instance_eval'
/usr/local/share/ruby/gems/2.0/gems/chef-12.4.1/lib/chef/mixin/from_file.rb:30:in `from_file'
/usr/local/share/ruby/gems/2.0/gems/chef-12.4.1/lib/chef/cookbook_version.rb:228:in `load_recipe'
/usr/local/share/ruby/gems/2.0/gems/chef-12.4.1/lib/chef/run_context.rb:174:in `load_recipe'
/usr/local/share/ruby/gems/2.0/gems/chef-12.4.1/lib/chef/run_context/cookbook_compiler.rb:140:in `block in compile_recipes'
/usr/local/share/ruby/gems/2.0/gems/chef-12.4.1/lib/chef/run_context/cookbook_compiler.rb:138:in `each'
/usr/local/share/ruby/gems/2.0/gems/chef-12.4.1/lib/chef/run_context/cookbook_compiler.rb:138:in `compile_recipes'
/usr/local/share/ruby/gems/2.0/gems/chef-12.4.1/lib/chef/run_context/cookbook_compiler.rb:75:in `compile'
/usr/local/share/ruby/gems/2.0/gems/chef-12.4.1/lib/chef/run_context.rb:97:in `load'
/usr/local/share/ruby/gems/2.0/gems/chef-12.4.1/lib/chef/policy_builder/expand_node_object.rb:87:in `setup_run_context'
/usr/local/share/ruby/gems/2.0/gems/chef-12.4.1/lib/chef/client.rb:486:in `setup_run_context'
/usr/local/share/ruby/gems/2.0/gems/chef-12.4.1/lib/chef/client.rb:266:in `run'
/usr/local/share/ruby/gems/2.0/gems/chef-12.4.1/lib/chef/application.rb:270:in `block in fork_chef_client'
/usr/local/share/ruby/gems/2.0/gems/chef-12.4.1/lib/chef/application.rb:258:in `fork'
/usr/local/share/ruby/gems/2.0/gems/chef-12.4.1/lib/chef/application.rb:258:in `fork_chef_client'
/usr/local/share/ruby/gems/2.0/gems/chef-12.4.1/lib/chef/application.rb:224:in `block in run_chef_client'
/usr/local/share/ruby/gems/2.0/gems/chef-12.4.1/lib/chef/local_mode.rb:39:in `with_server_connectivity'
/usr/local/share/ruby/gems/2.0/gems/chef-12.4.1/lib/chef/application.rb:212:in `run_chef_client'
/usr/local/share/ruby/gems/2.0/gems/chef-12.4.1/lib/chef/application/solo.rb:280:in `block in interval_run_chef_client'
/usr/local/share/ruby/gems/2.0/gems/chef-12.4.1/lib/chef/application/solo.rb:269:in `loop'
/usr/local/share/ruby/gems/2.0/gems/chef-12.4.1/lib/chef/application/solo.rb:269:in `interval_run_chef_client'
/usr/local/share/ruby/gems/2.0/gems/chef-12.4.1/lib/chef/application/solo.rb:247:in `run_application'
/usr/local/share/ruby/gems/2.0/gems/chef-12.4.1/lib/chef/application.rb:60:in `run'
/usr/local/share/ruby/gems/2.0/gems/chef-12.4.1/bin/chef-solo:25:in `<top (required)>'
/usr/local/bin/chef-solo:23:in `load'
/usr/local/bin/chef-solo:23:in `<main>'